<?xml version="1.0" encoding="UTF-8"?>
<!-- Generated by org.testng.reporters.JUnitReportReporter -->
<testsuite hostname="LAPTOP-F6TLEKKO" name="testCases.LoginTest" tests="1" failures="0" timestamp="7 Mar 2019 03:26:52 GMT" time="24.095" errors="0">
  <testcase name="chkLogin" time="24.095" classname="testCases.LoginTest"/>
</testsuite> <!-- testCases.LoginTest -->
