<?xml version="1.0" encoding="UTF-8"?>
<!-- Generated by org.testng.reporters.JUnitReportReporter -->
<testsuite name="testCases.LoginTest" tests="1" time="81.423" ignored="0" failures="0" timestamp="18 Jun 2019 04:14:04 GMT" skipped="0" hostname="LAPTOP-F6TLEKKO" errors="0">
  <testcase name="chkLogin" time="81.423" classname="testCases.LoginTest"/>
</testsuite> <!-- testCases.LoginTest -->
